2025-09-11 12:34:10 - Method calculateWaterVolume() called for: Tyasmin
2025-09-11 12:34:10 - Method showAllAttributes() called for: Tyasmin
2025-09-11 12:34:10 - Method showAllAttributes() called for: Dnipro
2025-09-11 12:34:10 - volumeDifferenceCheck(water otherWater) called for: 
2025-09-11 12:36:01 - Method calculateWaterVolume() called for: Tyasmin
2025-09-11 12:36:01 - Method showAllAttributes() called for: Tyasmin
2025-09-11 12:36:01 - Method showAllAttributes() called for: Dnipro
2025-09-11 12:36:01 - volumeDifferenceCheck(water otherWater) called for: 
2025-09-11 12:36:24 - Method calculateWaterVolume() called for: Tyasmin
2025-09-11 12:36:24 - Method showAllAttributes() called for: Tyasmin
2025-09-11 12:36:24 - Method showAllAttributes() called for: Dnipro
2025-09-11 12:36:24 - volumeDifferenceCheck(water otherWater) called for: 
2025-09-11 12:36:32 - Method calculateWaterVolume() called for: Tyasmin
2025-09-11 12:36:32 - Method showAllAttributes() called for: Tyasmin
2025-09-11 12:36:32 - Method showAllAttributes() called for: Dnipro
2025-09-11 12:36:32 - volumeDifferenceCheck(water otherWater) called for: 
2025-09-11 12:36:49 - Method calculateWaterVolume() called for: Tyasmin
2025-09-11 12:36:49 - Method showAllAttributes() called for: Tyasmin
2025-09-11 12:36:49 - Method showAllAttributes() called for: Dnipro
2025-09-11 12:36:49 - volumeDifferenceCheck(water otherWater) called for: 
2025-09-11 12:36:57 - Method calculateWaterVolume() called for: Tyasmin
2025-09-11 12:36:57 - Method showAllAttributes() called for: Tyasmin
2025-09-11 12:36:57 - Method showAllAttributes() called for: Dnipro
2025-09-11 12:36:57 - volumeDifferenceCheck(water otherWater) called for: 
2025-09-12 15:03:49 - Method showAllAttributes() called for: Your custom water
2025-09-12 15:05:32 - Method showAllAttributes() called for: Your custom water
2025-09-12 15:06:06 - Method showAllAttributes() called for: Your custom water
